# JRE version: Java(TM) SE Runtime Environment (8.0_181-b13) (build 1.8.0_181-b13)
# Java VM: Java HotSpot(TM) 64-Bit Server VM (25.181-b13 mixed mode windows-amd64 compressed oops)
Heap:
 PSYoungGen      total 30720K, used 6872K [0x00000000d6b00000, 0x00000000d8d80000, 0x0000000100000000)
  eden space 30208K, 22% used [0x00000000d6b00000,0x00000000d717e250,0x00000000d8880000)
  from space 512K, 43% used [0x00000000d8a80000,0x00000000d8ab8000,0x00000000d8b00000)
  to   space 2560K, 0% used [0x00000000d8b00000,0x00000000d8b00000,0x00000000d8d80000)
 ParOldGen       total 84992K, used 1084K [0x0000000084000000, 0x0000000089300000, 0x00000000d6b00000)
  object space 84992K, 1% used [0x0000000084000000,0x000000008410f360,0x0000000089300000)
 Metaspace       used 6842K, capacity 7206K, committed 7424K, reserved 1056768K
  class space    used 699K, capacity 721K, committed 768K, reserved 1048576K
GC Heap History (10 events):
Event: 1.802 GC heap before
{Heap before GC invocations=3 (full 0):
 PSYoungGen      total 36864K, used 33800K [0x00000000d6b00000, 0x00000000d9400000, 0x0000000100000000)
  eden space 31744K, 100% used [0x00000000d6b00000,0x00000000d8a00000,0x00000000d8a00000)
  from space 5120K, 40% used [0x00000000d8f00000,0x00000000d9102228,0x00000000d9400000)
  to   space 5120K, 0% used [0x00000000d8a00000,0x00000000d8a00000,0x00000000d8f00000)
 ParOldGen       total 84992K, used 16K [0x0000000084000000, 0x0000000089300000, 0x00000000d6b00000)
  object space 84992K, 0% used [0x0000000084000000,0x0000000084004000,0x0000000089300000)
 Metaspace       used 6571K, capacity 7078K, committed 7168K, reserved 1056768K
  class space    used 674K, capacity 721K, committed 768K, reserved 1048576K
Event: 1.807 GC heap after
Heap after GC invocations=3 (full 0):
 PSYoungGen      total 36864K, used 1072K [0x00000000d6b00000, 0x00000000d9400000, 0x0000000100000000)
  eden space 31744K, 0% used [0x00000000d6b00000,0x00000000d6b00000,0x00000000d8a00000)
  from space 5120K, 20% used [0x00000000d8a00000,0x00000000d8b0c010,0x00000000d8f00000)
  to   space 5120K, 0% used [0x00000000d8f00000,0x00000000d8f00000,0x00000000d9400000)
 ParOldGen       total 84992K, used 24K [0x0000000084000000, 0x0000000089300000, 0x00000000d6b00000)
  object space 84992K, 0% used [0x0000000084000000,0x0000000084006000,0x0000000089300000)
 Metaspace       used 6571K, capacity 7078K, committed 7168K, reserved 1056768K
  class space    used 674K, capacity 721K, committed 768K, reserved 1048576K
}
Event: 2.008 GC heap before
{Heap before GC invocations=4 (full 0):
 PSYoungGen      total 36864K, used 32816K [0x00000000d6b00000, 0x00000000d9400000, 0x0000000100000000)
  eden space 31744K, 100% used [0x00000000d6b00000,0x00000000d8a00000,0x00000000d8a00000)
  from space 5120K, 20% used [0x00000000d8a00000,0x00000000d8b0c010,0x00000000d8f00000)
  to   space 5120K, 0% used [0x00000000d8f00000,0x00000000d8f00000,0x00000000d9400000)
 ParOldGen       total 84992K, used 24K [0x0000000084000000, 0x0000000089300000, 0x00000000d6b00000)
  object space 84992K, 0% used [0x0000000084000000,0x0000000084006000,0x0000000089300000)
 Metaspace       used 6714K, capacity 7206K, committed 7424K, reserved 1056768K
  class space    used 693K, capacity 721K, committed 768K, reserved 1048576K
Event: 2.010 GC heap after
Heap after GC invocations=4 (full 0):
 PSYoungGen      total 36864K, used 1184K [0x00000000d6b00000, 0x00000000d9400000, 0x0000000100000000)
  eden space 31744K, 0% used [0x00000000d6b00000,0x00000000d6b00000,0x00000000d8a00000)
  from space 5120K, 23% used [0x00000000d8f00000,0x00000000d9028020,0x00000000d9400000)
  to   space 5120K, 0% used [0x00000000d8a00000,0x00000000d8a00000,0x00000000d8f00000)
 ParOldGen       total 84992K, used 32K [0x0000000084000000, 0x0000000089300000, 0x00000000d6b00000)
  object space 84992K, 0% used [0x0000000084000000,0x0000000084008000,0x0000000089300000)
 Metaspace       used 6714K, capacity 7206K, committed 7424K, reserved 1056768K
  class space    used 693K, capacity 721K, committed 768K, reserved 1048576K
}
Event: 2.259 GC heap before
{Heap before GC invocations=5 (full 0):
 PSYoungGen      total 36864K, used 32928K [0x00000000d6b00000, 0x00000000d9400000, 0x0000000100000000)
  eden space 31744K, 100% used [0x00000000d6b00000,0x00000000d8a00000,0x00000000d8a00000)
  from space 5120K, 23% used [0x00000000d8f00000,0x00000000d9028020,0x00000000d9400000)
  to   space 5120K, 0% used [0x00000000d8a00000,0x00000000d8a00000,0x00000000d8f00000)
 ParOldGen       total 84992K, used 32K [0x0000000084000000, 0x0000000089300000, 0x00000000d6b00000)
  object space 84992K, 0% used [0x0000000084000000,0x0000000084008000,0x0000000089300000)
 Metaspace       used 6757K, capacity 7206K, committed 7424K, reserved 1056768K
  class space    used 693K, capacity 721K, committed 768K, reserved 1048576K
Event: 2.261 GC heap after
Heap after GC invocations=5 (full 0):
 PSYoungGen      total 32768K, used 1152K [0x00000000d6b00000, 0x00000000d8f80000, 0x0000000100000000)
  eden space 31232K, 0% used [0x00000000d6b00000,0x00000000d6b00000,0x00000000d8980000)
  from space 1536K, 75% used [0x00000000d8a00000,0x00000000d8b20020,0x00000000d8b80000)
  to   space 2560K, 0% used [0x00000000d8d00000,0x00000000d8d00000,0x00000000d8f80000)
 ParOldGen       total 84992K, used 40K [0x0000000084000000, 0x0000000089300000, 0x00000000d6b00000)
  object space 84992K, 0% used [0x0000000084000000,0x000000008400a000,0x0000000089300000)
 Metaspace       used 6757K, capacity 7206K, committed 7424K, reserved 1056768K
  class space    used 693K, capacity 721K, committed 768K, reserved 1048576K
}
Event: 2.426 GC heap before
{Heap before GC invocations=6 (full 0):
 PSYoungGen      total 32768K, used 32384K [0x00000000d6b00000, 0x00000000d8f80000, 0x0000000100000000)
  eden space 31232K, 100% used [0x00000000d6b00000,0x00000000d8980000,0x00000000d8980000)
  from space 1536K, 75% used [0x00000000d8a00000,0x00000000d8b20020,0x00000000d8b80000)
  to   space 2560K, 0% used [0x00000000d8d00000,0x00000000d8d00000,0x00000000d8f80000)
 ParOldGen       total 84992K, used 40K [0x0000000084000000, 0x0000000089300000, 0x00000000d6b00000)
  object space 84992K, 0% used [0x0000000084000000,0x000000008400a000,0x0000000089300000)
 Metaspace       used 6773K, capacity 7206K, committed 7424K, reserved 1056768K
  class space    used 694K, capacity 721K, committed 768K, reserved 1048576K
Event: 2.428 GC heap after
Heap after GC invocations=6 (full 0):
 PSYoungGen      total 32256K, used 1184K [0x00000000d6b00000, 0x00000000d8e80000, 0x0000000100000000)
  eden space 30720K, 0% used [0x00000000d6b00000,0x00000000d6b00000,0x00000000d8900000)
  from space 1536K, 77% used [0x00000000d8d00000,0x00000000d8e28020,0x00000000d8e80000)
  to   space 2048K, 0% used [0x00000000d8a80000,0x00000000d8a80000,0x00000000d8c80000)
 ParOldGen       total 84992K, used 48K [0x0000000084000000, 0x0000000089300000, 0x00000000d6b00000)
  object space 84992K, 0% used [0x0000000084000000,0x000000008400c000,0x0000000089300000)
 Metaspace       used 6773K, capacity 7206K, committed 7424K, reserved 1056768K
  class space    used 694K, capacity 721K, committed 768K, reserved 1048576K
}
Event: 2.607 GC heap before
{Heap before GC invocations=7 (full 0):
 PSYoungGen      total 32256K, used 31904K [0x00000000d6b00000, 0x00000000d8e80000, 0x0000000100000000)
  eden space 30720K, 100% used [0x00000000d6b00000,0x00000000d8900000,0x00000000d8900000)
  from space 1536K, 77% used [0x00000000d8d00000,0x00000000d8e28020,0x00000000d8e80000)
  to   space 2048K, 0% used [0x00000000d8a80000,0x00000000d8a80000,0x00000000d8c80000)
 ParOldGen       total 84992K, used 48K [0x0000000084000000, 0x0000000089300000, 0x00000000d6b00000)
  object space 84992K, 0% used [0x0000000084000000,0x000000008400c000,0x0000000089300000)
 Metaspace       used 6820K, capacity 7206K, committed 7424K, reserved 1056768K
  class space    used 699K, capacity 721K, committed 768K, reserved 1048576K
Event: 2.610 GC heap after
Heap after GC invocations=7 (full 0):
 PSYoungGen      total 30720K, used 224K [0x00000000d6b00000, 0x00000000d8d80000, 0x0000000100000000)
  eden space 30208K, 0% used [0x00000000d6b00000,0x00000000d6b00000,0x00000000d8880000)
  from space 512K, 43% used [0x00000000d8a80000,0x00000000d8ab8000,0x00000000d8b00000)
  to   space 2560K, 0% used [0x00000000d8b00000,0x00000000d8b00000,0x00000000d8d80000)
 ParOldGen       total 84992K, used 1084K [0x0000000084000000, 0x0000000089300000, 0x00000000d6b00000)
  object space 84992K, 1% used [0x0000000084000000,0x000000008410f360,0x0000000089300000)
 Metaspace       used 6820K, capacity 7206K, committed 7424K, reserved 1056768K
  class space    used 699K, capacity 721K, committed 768K, reserved 1048576K
}

